TN:
SF:src\api\client.js
FN:13,(anonymous_0)
FN:23,(anonymous_1)
FN:24,(anonymous_2)
FNF:3
FNH:2
FNDA:13,(anonymous_0)
FNDA:13,(anonymous_1)
FNDA:0,(anonymous_2)
DA:4,1
DA:13,1
DA:14,13
DA:15,13
DA:16,0
DA:18,13
DA:22,1
DA:23,13
DA:25,0
DA:27,0
DA:28,0
DA:30,0
DA:31,0
DA:32,0
DA:36,0
DA:37,0
DA:38,0
DA:40,0
DA:41,0
DA:42,0
DA:43,0
DA:47,0
LF:22
LH:7
BRDA:7,0,0,1
BRDA:7,0,1,1
BRDA:15,1,0,0
BRDA:15,1,1,13
BRDA:27,2,0,0
BRDA:27,2,1,0
BRDA:27,3,0,0
BRDA:27,3,1,0
BRF:8
BRH:3
end_of_record
TN:
SF:src\components\footer.jsx
FN:5,Footer
FN:6,(anonymous_1)
FN:36,(anonymous_2)
FNF:3
FNH:1
FNDA:95,Footer
FNDA:0,(anonymous_1)
FNDA:0,(anonymous_2)
DA:6,95
DA:7,0
DA:8,0
DA:10,0
DA:13,95
DA:36,0
LF:6
LH:2
BRDA:7,0,0,0
BRDA:7,0,1,0
BRF:2
BRH:0
end_of_record
TN:
SF:src\components\header.jsx
FN:7,(anonymous_0)
FN:16,Header
FN:28,(anonymous_2)
FN:43,(anonymous_3)
FN:51,(anonymous_4)
FN:52,(anonymous_5)
FN:59,(anonymous_6)
FN:65,(anonymous_7)
FN:71,(anonymous_8)
FN:79,(anonymous_9)
FN:80,(anonymous_10)
FN:86,(anonymous_11)
FN:89,(anonymous_12)
FN:90,(anonymous_13)
FN:92,(anonymous_14)
FN:95,(anonymous_15)
FN:102,(anonymous_16)
FN:118,(anonymous_17)
FN:124,(anonymous_18)
FN:125,(anonymous_19)
FN:126,(anonymous_20)
FN:133,(anonymous_21)
FN:155,(anonymous_22)
FN:164,(anonymous_23)
FN:185,(anonymous_24)
FN:185,(anonymous_25)
FN:186,(anonymous_26)
FN:198,(anonymous_27)
FN:203,(anonymous_28)
FN:212,(anonymous_29)
FN:213,(anonymous_30)
FN:214,(anonymous_31)
FN:218,(anonymous_32)
FN:219,(anonymous_33)
FN:223,(anonymous_34)
FN:225,(anonymous_35)
FNF:36
FNH:19
FNDA:32,(anonymous_0)
FNDA:40,Header
FNDA:50,(anonymous_2)
FNDA:50,(anonymous_3)
FNDA:14,(anonymous_4)
FNDA:49,(anonymous_5)
FNDA:0,(anonymous_6)
FNDA:35,(anonymous_7)
FNDA:14,(anonymous_8)
FNDA:14,(anonymous_9)
FNDA:8,(anonymous_10)
FNDA:14,(anonymous_11)
FNDA:14,(anonymous_12)
FNDA:0,(anonymous_13)
FNDA:14,(anonymous_14)
FNDA:3,(anonymous_15)
FNDA:2,(anonymous_16)
FNDA:0,(anonymous_17)
FNDA:1,(anonymous_18)
FNDA:0,(anonymous_19)
FNDA:0,(anonymous_20)
FNDA:4,(anonymous_21)
FNDA:0,(anonymous_22)
FNDA:0,(anonymous_23)
FNDA:1,(anonymous_24)
FNDA:0,(anonymous_25)
FNDA:1,(anonymous_26)
FNDA:0,(anonymous_27)
FNDA:0,(anonymous_28)
FNDA:0,(anonymous_29)
FNDA:0,(anonymous_30)
FNDA:0,(anonymous_31)
FNDA:0,(anonymous_32)
FNDA:0,(anonymous_33)
FNDA:0,(anonymous_34)
FNDA:0,(anonymous_35)
DA:7,1
DA:8,32
DA:9,32
DA:10,10
DA:11,10
DA:13,32
DA:17,40
DA:18,40
DA:19,40
DA:20,40
DA:21,40
DA:22,40
DA:23,40
DA:25,40
DA:28,40
DA:29,50
DA:30,50
DA:31,50
DA:32,50
DA:36,32
DA:37,0
DA:38,0
DA:41,50
DA:42,50
DA:43,50
DA:44,50
DA:46,0
DA:51,40
DA:52,14
DA:53,49
DA:56,14
DA:57,14
DA:59,14
DA:60,0
DA:61,0
DA:64,14
DA:65,14
DA:66,35
DA:67,35
DA:69,14
DA:71,14
DA:72,14
DA:73,14
DA:74,14
DA:75,14
DA:79,40
DA:80,14
DA:81,8
DA:82,2
DA:85,14
DA:86,14
DA:89,40
DA:90,14
DA:91,14
DA:92,14
DA:95,40
DA:96,3
DA:97,3
DA:98,3
DA:99,3
DA:102,40
DA:103,2
DA:104,2
DA:105,2
DA:106,2
DA:107,2
DA:108,2
DA:111,40
DA:113,40
DA:118,0
DA:124,1
DA:125,0
DA:126,0
DA:134,4
DA:135,3
DA:137,1
DA:155,0
DA:164,0
DA:185,1
DA:186,1
DA:198,0
DA:203,0
DA:212,0
DA:213,0
DA:214,0
DA:218,0
DA:219,0
DA:223,0
DA:225,0
LF:89
LH:70
BRDA:9,0,0,10
BRDA:9,0,1,22
BRDA:16,1,0,40
BRDA:31,2,0,32
BRDA:31,2,1,18
BRDA:32,3,0,18
BRDA:32,3,1,32
BRDA:36,4,0,0
BRDA:36,4,1,32
BRDA:36,5,0,32
BRDA:36,5,1,50
BRDA:42,6,0,50
BRDA:42,6,1,0
BRDA:42,7,0,0
BRDA:42,7,1,0
BRDA:43,8,0,50
BRDA:43,8,1,0
BRDA:81,9,0,2
BRDA:81,9,1,6
BRDA:81,10,0,8
BRDA:81,10,1,8
BRDA:111,11,0,0
BRDA:111,11,1,40
BRDA:111,12,0,0
BRDA:111,12,1,40
BRDA:111,13,0,40
BRDA:111,13,1,0
BRDA:119,14,0,40
BRDA:119,14,1,0
BRDA:119,15,0,40
BRDA:119,15,1,40
BRDA:134,16,0,3
BRDA:134,16,1,1
BRDA:146,17,0,40
BRDA:146,17,1,11
BRDA:149,18,0,40
BRDA:149,18,1,3
BRDA:149,18,2,3
BRDA:192,19,0,40
BRDA:192,19,1,20
BRDA:194,20,0,40
BRDA:194,20,1,2
BRDA:194,20,2,2
BRDA:197,21,0,2
BRDA:197,21,1,0
BRDA:203,22,0,0
BRDA:203,22,1,40
BRDA:210,23,0,0
BRDA:210,23,1,40
BRDA:216,24,0,11
BRDA:216,24,1,29
BRDA:225,25,0,40
BRDA:225,25,1,20
BRF:53
BRH:41
end_of_record
TN:
SF:src\components\logo.jsx
FN:2,ElyseeLogo
FNF:1
FNH:1
FNDA:131,ElyseeLogo
DA:3,131
DA:4,131
DA:5,131
DA:7,131
LF:4
LH:4
BRDA:2,0,0,131
BRDA:4,1,0,36
BRDA:4,1,1,95
BRDA:5,2,0,36
BRDA:5,2,1,95
BRF:5
BRH:5
end_of_record
TN:
SF:src\pages\cart.jsx
FN:6,(anonymous_0)
FN:15,Cart
FN:26,(anonymous_2)
FN:31,(anonymous_3)
FN:51,(anonymous_4)
FN:82,(anonymous_5)
FN:87,(anonymous_6)
FN:88,(anonymous_7)
FN:107,(anonymous_8)
FN:108,(anonymous_9)
FN:112,(anonymous_10)
FN:112,(anonymous_11)
FN:116,(anonymous_12)
FN:116,(anonymous_13)
FN:124,(anonymous_14)
FN:129,(anonymous_15)
FN:130,(anonymous_16)
FN:137,(anonymous_17)
FN:151,(anonymous_18)
FN:156,(anonymous_19)
FN:175,(anonymous_20)
FN:222,(anonymous_21)
FN:243,(anonymous_22)
FN:257,(anonymous_23)
FN:259,(anonymous_24)
FN:262,(anonymous_25)
FN:272,(anonymous_26)
FN:310,(anonymous_27)
FN:316,(anonymous_28)
FN:330,(anonymous_29)
FNF:30
FNH:16
FNDA:14,(anonymous_0)
FNDA:27,Cart
FNDA:60,(anonymous_2)
FNDA:13,(anonymous_3)
FNDA:12,(anonymous_4)
FNDA:13,(anonymous_5)
FNDA:0,(anonymous_6)
FNDA:0,(anonymous_7)
FNDA:0,(anonymous_8)
FNDA:0,(anonymous_9)
FNDA:0,(anonymous_10)
FNDA:0,(anonymous_11)
FNDA:0,(anonymous_12)
FNDA:0,(anonymous_13)
FNDA:0,(anonymous_14)
FNDA:1,(anonymous_15)
FNDA:1,(anonymous_16)
FNDA:1,(anonymous_17)
FNDA:1,(anonymous_18)
FNDA:0,(anonymous_19)
FNDA:12,(anonymous_20)
FNDA:0,(anonymous_21)
FNDA:12,(anonymous_22)
FNDA:0,(anonymous_23)
FNDA:0,(anonymous_24)
FNDA:1,(anonymous_25)
FNDA:1,(anonymous_26)
FNDA:0,(anonymous_27)
FNDA:1,(anonymous_28)
FNDA:48,(anonymous_29)
DA:6,1
DA:7,14
DA:8,14
DA:9,13
DA:10,13
DA:12,14
DA:16,27
DA:17,27
DA:19,27
DA:20,27
DA:21,27
DA:22,27
DA:23,27
DA:24,27
DA:26,60
DA:31,27
DA:32,13
DA:33,13
DA:36,13
DA:40,13
DA:41,0
DA:42,0
DA:43,0
DA:44,0
DA:47,13
DA:48,13
DA:51,13
DA:53,13
DA:54,1
DA:55,1
DA:56,1
DA:57,1
DA:61,12
DA:65,12
DA:66,0
DA:67,0
DA:70,12
DA:71,12
DA:72,12
DA:73,13
DA:75,0
DA:76,0
DA:78,13
DA:82,27
DA:83,13
DA:87,27
DA:88,0
DA:89,0
DA:90,0
DA:91,0
DA:102,0
DA:103,0
DA:106,0
DA:107,0
DA:108,0
DA:112,0
DA:116,0
DA:119,0
DA:120,0
DA:122,0
DA:124,0
DA:129,27
DA:130,1
DA:131,1
DA:132,1
DA:133,1
DA:137,1
DA:138,1
DA:140,1
DA:141,1
DA:142,1
DA:144,0
DA:147,1
DA:149,0
DA:151,1
DA:156,27
DA:157,0
DA:158,0
DA:159,0
DA:160,0
DA:164,0
DA:165,0
DA:166,0
DA:167,0
DA:170,0
DA:175,27
DA:176,27
DA:177,27
DA:178,27
DA:179,27
DA:180,27
DA:181,27
DA:184,27
DA:185,13
DA:199,14
DA:200,2
DA:222,0
DA:230,12
DA:244,12
DA:257,0
DA:259,0
DA:262,1
DA:272,1
DA:310,0
DA:316,1
DA:331,48
LF:106
LH:68
BRDA:8,0,0,13
BRDA:8,0,1,1
BRDA:26,1,0,60
BRDA:26,1,1,0
BRDA:33,2,0,13
BRDA:33,2,1,0
BRDA:36,3,0,0
BRDA:36,3,1,13
BRDA:40,4,0,0
BRDA:40,4,1,13
BRDA:40,5,0,13
BRDA:40,5,1,13
BRDA:48,6,0,13
BRDA:48,6,1,0
BRDA:48,7,0,0
BRDA:48,7,1,0
BRDA:53,8,0,1
BRDA:53,8,1,12
BRDA:61,9,0,0
BRDA:61,9,1,12
BRDA:65,10,0,0
BRDA:65,10,1,12
BRDA:65,11,0,12
BRDA:65,11,1,12
BRDA:72,12,0,12
BRDA:72,12,1,0
BRDA:73,13,0,13
BRDA:73,13,1,0
BRDA:90,14,0,0
BRDA:90,14,1,0
BRDA:91,15,0,0
BRDA:91,15,1,0
BRDA:102,16,0,0
BRDA:102,16,1,0
BRDA:102,17,0,0
BRDA:102,17,1,0
BRDA:106,18,0,0
BRDA:106,18,1,0
BRDA:108,19,0,0
BRDA:108,19,1,0
BRDA:132,20,0,1
BRDA:132,20,1,0
BRDA:133,21,0,0
BRDA:133,21,1,1
BRDA:140,22,0,1
BRDA:140,22,1,0
BRDA:157,23,0,0
BRDA:157,23,1,0
BRDA:159,24,0,0
BRDA:159,24,1,0
BRDA:160,25,0,0
BRDA:160,25,1,0
BRDA:164,26,0,0
BRDA:164,26,1,0
BRDA:164,27,0,0
BRDA:164,27,1,0
BRDA:167,28,0,0
BRDA:167,28,1,0
BRDA:176,29,0,12
BRDA:176,29,1,15
BRDA:177,30,0,12
BRDA:177,30,1,15
BRDA:178,31,0,12
BRDA:178,31,1,15
BRDA:180,32,0,27
BRDA:180,32,1,27
BRDA:181,33,0,27
BRDA:181,33,1,27
BRDA:184,34,0,13
BRDA:184,34,1,14
BRDA:199,35,0,2
BRDA:199,35,1,12
BRDA:235,36,0,12
BRDA:235,36,1,0
BRDA:244,37,0,1
BRDA:244,37,1,11
BRDA:250,38,0,12
BRDA:250,38,1,0
BRDA:258,39,0,1
BRDA:258,39,1,11
BRDA:261,40,0,12
BRDA:261,40,1,0
BRDA:289,41,0,12
BRDA:289,41,1,0
BRDA:294,42,0,27
BRDA:294,42,1,0
BRDA:295,43,0,27
BRDA:295,43,1,0
BRDA:297,44,0,0
BRDA:297,44,1,12
BRDA:298,45,0,0
BRDA:298,45,1,12
BRF:92
BRH:46
end_of_record
TN:
SF:src\pages\checkout.jsx
FN:6,(anonymous_0)
FN:17,Checkout
FN:37,(anonymous_2)
FN:38,(anonymous_3)
FN:38,(anonymous_4)
FN:39,(anonymous_5)
FN:40,(anonymous_6)
FN:43,(anonymous_7)
FN:54,(anonymous_8)
FN:70,(anonymous_9)
FN:91,(anonymous_10)
FN:96,(anonymous_11)
FN:97,(anonymous_12)
FN:112,(anonymous_13)
FN:115,(anonymous_14)
FN:116,(anonymous_15)
FN:121,(anonymous_16)
FN:162,(anonymous_17)
FN:187,(anonymous_18)
FN:239,(anonymous_19)
FN:257,(anonymous_20)
FN:267,(anonymous_21)
FN:269,(anonymous_22)
FN:283,(anonymous_23)
FN:299,(anonymous_24)
FN:304,(anonymous_25)
FN:310,(anonymous_26)
FN:315,(anonymous_27)
FN:320,(anonymous_28)
FN:329,(anonymous_29)
FN:335,(anonymous_30)
FN:383,(anonymous_31)
FN:388,(anonymous_32)
FN:394,(anonymous_33)
FN:399,(anonymous_34)
FN:406,(anonymous_35)
FN:411,(anonymous_36)
FNF:37
FNH:29
FNDA:28,(anonymous_0)
FNDA:293,Checkout
FNDA:1290,(anonymous_2)
FNDA:225,(anonymous_3)
FNDA:225,(anonymous_4)
FNDA:32,(anonymous_5)
FNDA:10,(anonymous_6)
FNDA:23,(anonymous_7)
FNDA:23,(anonymous_8)
FNDA:0,(anonymous_9)
FNDA:18,(anonymous_10)
FNDA:18,(anonymous_11)
FNDA:18,(anonymous_12)
FNDA:40,(anonymous_13)
FNDA:44,(anonymous_14)
FNDA:22,(anonymous_15)
FNDA:5,(anonymous_16)
FNDA:0,(anonymous_17)
FNDA:2,(anonymous_18)
FNDA:275,(anonymous_19)
FNDA:0,(anonymous_20)
FNDA:0,(anonymous_21)
FNDA:825,(anonymous_22)
FNDA:1,(anonymous_23)
FNDA:30,(anonymous_24)
FNDA:36,(anonymous_25)
FNDA:0,(anonymous_26)
FNDA:60,(anonymous_27)
FNDA:30,(anonymous_28)
FNDA:384,(anonymous_29)
FNDA:0,(anonymous_30)
FNDA:21,(anonymous_31)
FNDA:32,(anonymous_32)
FNDA:10,(anonymous_33)
FNDA:6,(anonymous_34)
FNDA:0,(anonymous_35)
FNDA:0,(anonymous_36)
DA:6,1
DA:7,28
DA:8,28
DA:9,18
DA:10,18
DA:12,28
DA:15,1
DA:18,293
DA:19,293
DA:21,293
DA:22,293
DA:23,293
DA:24,293
DA:25,293
DA:27,293
DA:34,293
DA:35,293
DA:37,1290
DA:38,293
DA:39,293
DA:40,293
DA:43,293
DA:44,23
DA:45,23
DA:46,23
DA:50,23
DA:52,23
DA:53,23
DA:54,23
DA:56,23
DA:59,23
DA:63,23
DA:64,23
DA:65,23
DA:68,23
DA:69,0
DA:70,0
DA:84,0
DA:86,23
DA:91,293
DA:92,18
DA:96,293
DA:97,18
DA:98,18
DA:99,18
DA:100,18
DA:101,18
DA:102,18
DA:103,18
DA:105,0
DA:108,18
DA:112,293
DA:113,40
DA:114,22
DA:115,44
DA:116,40
DA:117,40
DA:121,293
DA:122,5
DA:123,5
DA:124,5
DA:125,5
DA:126,5
DA:134,5
DA:136,5
DA:147,5
DA:148,0
DA:149,0
DA:150,0
DA:153,5
DA:154,5
DA:156,0
DA:158,5
DA:162,293
DA:163,0
DA:164,0
DA:165,0
DA:166,0
DA:167,0
DA:178,0
DA:179,0
DA:182,0
DA:187,293
DA:188,2
DA:189,2
DA:190,2
DA:191,2
DA:192,2
DA:203,2
DA:215,2
DA:216,1
DA:217,1
DA:218,1
DA:221,1
DA:222,1
DA:224,1
DA:226,2
DA:231,293
DA:232,293
DA:233,293
DA:234,293
DA:235,293
DA:236,293
DA:237,293
DA:238,293
DA:239,293
DA:241,293
DA:242,18
DA:252,275
DA:253,0
DA:257,0
DA:263,275
DA:267,0
DA:270,825
DA:283,1
DA:299,30
DA:304,36
DA:310,0
DA:315,60
DA:320,30
DA:330,384
DA:335,0
DA:383,21
DA:388,32
DA:394,10
DA:399,6
DA:406,0
DA:411,0
LF:128
LH:105
BRDA:8,0,0,18
BRDA:8,0,1,10
BRDA:37,1,0,1290
BRDA:37,1,1,0
BRDA:45,2,0,23
BRDA:45,2,1,0
BRDA:46,3,0,0
BRDA:46,3,1,23
BRDA:50,4,0,0
BRDA:50,4,1,23
BRDA:50,5,0,23
BRDA:50,5,1,23
BRDA:53,6,0,23
BRDA:53,6,1,0
BRDA:53,7,0,0
BRDA:53,7,1,0
BRDA:56,8,0,0
BRDA:56,8,1,23
BRDA:59,9,0,0
BRDA:59,9,1,23
BRDA:63,10,0,23
BRDA:63,10,1,0
BRDA:63,11,0,23
BRDA:63,11,1,23
BRDA:68,12,0,0
BRDA:68,12,1,23
BRDA:72,13,0,0
BRDA:72,13,1,0
BRDA:73,14,0,0
BRDA:73,14,1,0
BRDA:74,15,0,0
BRDA:74,15,1,0
BRDA:75,16,0,0
BRDA:75,16,1,0
BRDA:75,16,2,0
BRDA:76,17,0,0
BRDA:76,17,1,0
BRDA:76,17,2,0
BRDA:77,18,0,0
BRDA:77,18,1,0
BRDA:78,19,0,0
BRDA:78,19,1,0
BRDA:78,19,2,0
BRDA:79,20,0,0
BRDA:79,20,1,0
BRDA:100,21,0,0
BRDA:100,21,1,18
BRDA:102,22,0,18
BRDA:102,22,1,0
BRDA:102,23,0,0
BRDA:102,23,1,0
BRDA:113,24,0,18
BRDA:113,24,1,22
BRDA:113,25,0,40
BRDA:113,25,1,22
BRDA:117,26,0,40
BRDA:117,26,1,22
BRDA:117,26,2,0
BRDA:122,27,0,0
BRDA:122,27,1,5
BRDA:134,28,0,5
BRDA:134,28,1,0
BRDA:136,29,0,0
BRDA:136,29,1,5
BRDA:147,30,0,0
BRDA:147,30,1,5
BRDA:147,31,0,5
BRDA:147,31,1,5
BRDA:149,32,0,0
BRDA:149,32,1,0
BRDA:149,32,2,0
BRDA:164,33,0,0
BRDA:164,33,1,0
BRDA:166,34,0,0
BRDA:166,34,1,0
BRDA:167,35,0,0
BRDA:167,35,1,0
BRDA:178,36,0,0
BRDA:178,36,1,0
BRDA:178,37,0,0
BRDA:178,37,1,0
BRDA:188,38,0,0
BRDA:188,38,1,2
BRDA:195,39,0,2
BRDA:195,39,1,0
BRDA:203,40,0,0
BRDA:203,40,1,2
BRDA:215,41,0,1
BRDA:215,41,1,1
BRDA:215,42,0,2
BRDA:215,42,1,2
BRDA:217,43,0,1
BRDA:217,43,1,0
BRDA:217,43,2,0
BRDA:231,44,0,293
BRDA:231,44,1,18
BRDA:232,45,0,293
BRDA:232,45,1,18
BRDA:233,46,0,275
BRDA:233,46,1,18
BRDA:234,47,0,275
BRDA:234,47,1,18
BRDA:235,48,0,275
BRDA:235,48,1,18
BRDA:237,49,0,293
BRDA:237,49,1,293
BRDA:238,50,0,293
BRDA:238,50,1,293
BRDA:241,51,0,18
BRDA:241,51,1,275
BRDA:252,52,0,0
BRDA:252,52,1,275
BRDA:252,53,0,275
BRDA:252,53,1,275
BRDA:271,54,0,358
BRDA:271,54,1,467
BRDA:271,55,0,83
BRDA:271,55,1,742
BRDA:272,56,0,83
BRDA:272,56,1,742
BRDA:278,57,0,358
BRDA:278,57,1,467
BRDA:279,58,0,825
BRDA:279,58,1,550
BRDA:279,59,0,83
BRDA:279,59,1,467
BRDA:291,60,0,275
BRDA:291,60,1,192
BRDA:295,61,0,192
BRDA:295,61,1,0
BRDA:326,62,0,192
BRDA:326,62,1,192
BRDA:342,63,0,384
BRDA:342,63,1,384
BRDA:353,64,0,192
BRDA:353,64,1,187
BRDA:353,64,2,156
BRDA:353,64,3,126
BRDA:353,64,4,90
BRDA:355,65,0,5
BRDA:355,65,1,187
BRDA:361,66,0,293
BRDA:361,66,1,83
BRDA:365,67,0,83
BRDA:365,67,1,1
BRDA:369,68,0,83
BRDA:369,68,1,31
BRDA:373,69,0,83
BRDA:373,69,1,10
BRDA:377,70,0,83
BRDA:377,70,1,63
BRDA:417,71,0,2
BRDA:417,71,1,81
BRDA:431,72,0,275
BRDA:431,72,1,0
BRDA:437,73,0,293
BRDA:437,73,1,0
BRDA:439,74,0,0
BRDA:439,74,1,275
BRF:159
BRH:97
end_of_record
TN:
SF:src\pages\forgotpassword.jsx
FN:5,ForgotPassword
FN:32,(anonymous_1)
FN:63,(anonymous_2)
FN:68,(anonymous_3)
FN:101,(anonymous_4)
FN:106,(anonymous_5)
FN:147,(anonymous_6)
FN:156,(anonymous_7)
FNF:8
FNH:5
FNDA:100,ForgotPassword
FNDA:0,(anonymous_1)
FNDA:1,(anonymous_2)
FNDA:1,(anonymous_3)
FNDA:0,(anonymous_4)
FNDA:0,(anonymous_5)
FNDA:82,(anonymous_6)
FNDA:7,(anonymous_7)
DA:6,100
DA:7,100
DA:8,100
DA:10,100
DA:11,6
DA:32,0
DA:63,1
DA:68,1
DA:79,94
DA:101,0
DA:106,0
DA:147,82
DA:156,7
LF:13
LH:10
BRDA:10,0,0,6
BRDA:10,0,1,94
BRDA:156,1,0,7
BRDA:156,1,1,6
BRF:4
BRH:4
end_of_record
TN:
SF:src\pages\home.jsx
FN:8,Home
FN:15,(anonymous_1)
FN:16,(anonymous_2)
FN:27,(anonymous_3)
FN:29,(anonymous_4)
FN:30,(anonymous_5)
FN:32,(anonymous_6)
FN:39,(anonymous_7)
FN:43,(anonymous_8)
FN:46,(anonymous_9)
FN:46,(anonymous_10)
FN:50,(anonymous_11)
FN:55,(anonymous_12)
FN:58,(anonymous_13)
FN:90,(anonymous_14)
FN:96,(anonymous_15)
FN:139,(anonymous_16)
FN:146,(anonymous_17)
FN:166,(anonymous_18)
FN:198,(anonymous_19)
FN:235,(anonymous_20)
FNF:21
FNH:16
FNDA:19,Home
FNDA:13,(anonymous_1)
FNDA:13,(anonymous_2)
FNDA:19,(anonymous_3)
FNDA:0,(anonymous_4)
FNDA:0,(anonymous_5)
FNDA:0,(anonymous_6)
FNDA:69,(anonymous_7)
FNDA:19,(anonymous_8)
FNDA:69,(anonymous_9)
FNDA:138,(anonymous_10)
FNDA:12,(anonymous_11)
FNDA:12,(anonymous_12)
FNDA:36,(anonymous_13)
FNDA:1,(anonymous_14)
FNDA:1,(anonymous_15)
FNDA:12,(anonymous_16)
FNDA:1,(anonymous_17)
FNDA:0,(anonymous_18)
FNDA:0,(anonymous_19)
FNDA:57,(anonymous_20)
DA:9,19
DA:10,19
DA:11,19
DA:12,19
DA:15,19
DA:16,13
DA:17,13
DA:18,13
DA:19,13
DA:21,0
DA:24,13
DA:27,19
DA:28,19
DA:30,0
DA:31,0
DA:32,0
DA:39,19
DA:40,69
DA:43,19
DA:46,69
DA:47,138
DA:50,19
DA:51,12
DA:55,19
DA:56,12
DA:58,36
DA:62,19
DA:90,1
DA:96,1
DA:140,12
DA:146,1
DA:166,0
DA:198,0
DA:236,57
LF:34
LH:28
BRDA:31,0,0,0
BRDA:31,0,1,0
BRDA:40,1,0,69
BRDA:40,1,1,0
BRDA:110,2,0,0
BRDA:110,2,1,19
BRDA:142,3,0,0
BRDA:142,3,1,12
BRDA:159,4,0,12
BRDA:159,4,1,12
BRDA:174,5,0,0
BRDA:174,5,1,19
BRDA:207,6,0,0
BRDA:207,6,1,19
BRF:14
BRH:7
end_of_record
TN:
SF:src\pages\login.jsx
FN:6,Login
FN:13,(anonymous_1)
FN:75,(anonymous_2)
FN:105,(anonymous_3)
FN:118,(anonymous_4)
FN:127,(anonymous_5)
FN:149,(anonymous_6)
FN:181,(anonymous_7)
FNF:8
FNH:7
FNDA:180,Login
FNDA:6,(anonymous_1)
FNDA:0,(anonymous_2)
FNDA:78,(anonymous_3)
FNDA:72,(anonymous_4)
FNDA:3,(anonymous_5)
FNDA:1,(anonymous_6)
FNDA:1,(anonymous_7)
DA:7,180
DA:8,180
DA:9,180
DA:10,180
DA:11,180
DA:13,180
DA:14,6
DA:15,6
DA:16,6
DA:18,6
DA:19,6
DA:28,6
DA:30,6
DA:33,3
DA:37,3
DA:41,3
DA:42,3
DA:45,3
DA:47,3
DA:49,6
DA:53,180
DA:75,0
DA:105,78
DA:118,72
DA:127,3
DA:149,1
DA:181,1
LF:27
LH:26
BRDA:30,0,0,3
BRDA:30,0,1,3
BRDA:33,1,0,3
BRDA:33,1,1,3
BRDA:33,1,2,0
BRDA:33,1,3,0
BRDA:33,1,4,0
BRDA:88,2,0,180
BRDA:88,2,1,3
BRDA:115,3,0,2
BRDA:115,3,1,178
BRDA:126,4,0,2
BRDA:126,4,1,178
BRDA:130,5,0,2
BRDA:130,5,1,178
BRDA:159,6,0,6
BRDA:159,6,1,174
BRF:17
BRH:14
end_of_record
TN:
SF:src\pages\orderconfirmation.jsx
FN:6,OrderConfirmation
FN:11,(anonymous_1)
FN:12,(anonymous_2)
FN:69,(anonymous_3)
FN:87,(anonymous_4)
FN:90,(anonymous_5)
FNF:6
FNH:5
FNDA:9,OrderConfirmation
FNDA:9,(anonymous_1)
FNDA:8,(anonymous_2)
FNDA:36,(anonymous_3)
FNDA:1,(anonymous_4)
FNDA:0,(anonymous_5)
DA:7,9
DA:8,9
DA:9,9
DA:11,9
DA:12,9
DA:15,9
DA:70,36
DA:87,1
DA:90,0
LF:9
LH:8
BRDA:17,0,0,0
BRDA:17,0,1,9
BRDA:71,1,0,9
BRDA:71,1,1,27
BRDA:71,2,0,9
BRDA:71,2,1,27
BRDA:72,3,0,36
BRDA:72,3,1,9
BRDA:78,4,0,36
BRDA:78,4,1,27
BRDA:79,5,0,9
BRDA:79,5,1,27
BRF:12
BRH:11
end_of_record
TN:
SF:src\pages\products.jsx
FN:11,(anonymous_0)
FN:20,Products
FN:42,(anonymous_2)
FN:43,(anonymous_3)
FN:76,(anonymous_4)
FN:80,(anonymous_5)
FN:117,(anonymous_6)
FN:121,(anonymous_7)
FN:128,(anonymous_8)
FN:132,(anonymous_9)
FN:137,(anonymous_10)
FN:150,(anonymous_11)
FN:155,(anonymous_12)
FN:157,(anonymous_13)
FN:174,(anonymous_14)
FN:184,(anonymous_15)
FN:189,(anonymous_16)
FN:194,(anonymous_17)
FN:207,(anonymous_18)
FN:216,(anonymous_19)
FN:222,(anonymous_20)
FN:223,(anonymous_21)
FN:224,(anonymous_22)
FN:230,(anonymous_23)
FN:235,(anonymous_24)
FN:245,(anonymous_25)
FN:251,(anonymous_26)
FN:252,(anonymous_27)
FN:253,(anonymous_28)
FN:254,(anonymous_29)
FN:256,(anonymous_30)
FN:259,(anonymous_31)
FN:268,(anonymous_32)
FN:275,(anonymous_33)
FN:291,(anonymous_34)
FN:292,(anonymous_35)
FN:294,(anonymous_36)
FN:299,(anonymous_37)
FN:308,(anonymous_38)
FN:354,(anonymous_39)
FN:355,(anonymous_40)
FN:362,(anonymous_41)
FN:363,(anonymous_42)
FN:371,(anonymous_43)
FN:413,(anonymous_44)
FN:424,(anonymous_45)
FN:437,(anonymous_46)
FN:441,(anonymous_47)
FN:445,(anonymous_48)
FN:445,(anonymous_49)
FN:446,(anonymous_50)
FN:449,(anonymous_51)
FNF:52
FNH:26
FNDA:26,(anonymous_0)
FNDA:76,Products
FNDA:18,(anonymous_2)
FNDA:18,(anonymous_3)
FNDA:13,(anonymous_4)
FNDA:26,(anonymous_5)
FNDA:9,(anonymous_6)
FNDA:31,(anonymous_7)
FNDA:0,(anonymous_8)
FNDA:0,(anonymous_9)
FNDA:0,(anonymous_10)
FNDA:0,(anonymous_11)
FNDA:0,(anonymous_12)
FNDA:0,(anonymous_13)
FNDA:0,(anonymous_14)
FNDA:0,(anonymous_15)
FNDA:0,(anonymous_16)
FNDA:0,(anonymous_17)
FNDA:0,(anonymous_18)
FNDA:0,(anonymous_19)
FNDA:116,(anonymous_20)
FNDA:113,(anonymous_21)
FNDA:53,(anonymous_22)
FNDA:29,(anonymous_23)
FNDA:58,(anonymous_24)
FNDA:1,(anonymous_25)
FNDA:4,(anonymous_26)
FNDA:2,(anonymous_27)
FNDA:0,(anonymous_28)
FNDA:0,(anonymous_29)
FNDA:58,(anonymous_30)
FNDA:58,(anonymous_31)
FNDA:1,(anonymous_32)
FNDA:0,(anonymous_33)
FNDA:0,(anonymous_34)
FNDA:0,(anonymous_35)
FNDA:0,(anonymous_36)
FNDA:0,(anonymous_37)
FNDA:0,(anonymous_38)
FNDA:456,(anonymous_39)
FNDA:4,(anonymous_40)
FNDA:380,(anonymous_41)
FNDA:2,(anonymous_42)
FNDA:29,(anonymous_43)
FNDA:0,(anonymous_44)
FNDA:5,(anonymous_45)
FNDA:53,(anonymous_46)
FNDA:0,(anonymous_47)
FNDA:0,(anonymous_48)
FNDA:0,(anonymous_49)
FNDA:0,(anonymous_50)
FNDA:0,(anonymous_51)
DA:7,1
DA:8,1
DA:9,1
DA:11,1
DA:12,26
DA:13,26
DA:14,13
DA:15,13
DA:17,26
DA:21,76
DA:22,76
DA:24,76
DA:25,76
DA:26,76
DA:28,76
DA:29,76
DA:30,76
DA:31,76
DA:33,76
DA:34,76
DA:35,76
DA:38,76
DA:39,76
DA:42,76
DA:43,18
DA:44,18
DA:45,18
DA:46,18
DA:47,18
DA:48,18
DA:49,18
DA:50,18
DA:51,18
DA:52,18
DA:53,18
DA:54,18
DA:55,0
DA:56,0
DA:57,0
DA:59,0
DA:61,18
DA:64,18
DA:66,0
DA:67,0
DA:69,18
DA:72,18
DA:76,76
DA:77,13
DA:79,13
DA:82,26
DA:83,26
DA:86,26
DA:87,26
DA:88,26
DA:99,26
DA:100,26
DA:101,26
DA:104,26
DA:105,26
DA:106,26
DA:117,13
DA:121,76
DA:122,31
DA:123,13
DA:128,76
DA:129,0
DA:130,0
DA:132,0
DA:133,0
DA:134,0
DA:135,0
DA:136,0
DA:137,0
DA:148,0
DA:150,0
DA:155,76
DA:156,0
DA:157,0
DA:158,0
DA:159,0
DA:160,0
DA:162,0
DA:166,0
DA:168,0
DA:169,0
DA:172,0
DA:173,0
DA:174,0
DA:179,0
DA:182,0
DA:184,0
DA:189,76
DA:190,0
DA:191,0
DA:192,0
DA:194,0
DA:195,0
DA:196,0
DA:197,0
DA:202,0
DA:205,0
DA:206,0
DA:207,0
DA:212,0
DA:214,0
DA:216,0
DA:221,76
DA:222,116
DA:223,113
DA:225,53
DA:226,53
DA:227,53
DA:230,76
DA:231,29
DA:232,29
DA:233,29
DA:234,29
DA:235,29
DA:236,58
DA:241,29
DA:242,29
DA:245,76
DA:247,76
DA:248,76
DA:249,76
DA:251,76
DA:252,76
DA:253,76
DA:254,76
DA:256,76
DA:259,76
DA:260,58
DA:261,58
DA:262,58
DA:264,58
DA:268,1
DA:275,0
DA:291,0
DA:292,0
DA:294,0
DA:299,0
DA:308,0
DA:336,76
DA:355,456
DA:363,380
DA:371,29
DA:413,0
DA:424,5
DA:437,53
DA:441,0
DA:445,0
DA:446,0
DA:449,0
LF:153
LH:97
BRDA:13,0,0,13
BRDA:13,0,1,13
BRDA:51,1,0,0
BRDA:51,1,1,18
BRDA:54,2,0,0
BRDA:54,2,1,18
BRDA:56,3,0,0
BRDA:56,3,1,0
BRDA:83,4,0,0
BRDA:83,4,1,26
BRDA:86,5,0,26
BRDA:86,5,1,0
BRDA:86,6,0,26
BRDA:86,6,1,26
BRDA:90,7,0,26
BRDA:90,7,1,26
BRDA:91,8,0,26
BRDA:91,8,1,26
BRDA:92,9,0,26
BRDA:92,9,1,0
BRDA:93,10,0,26
BRDA:93,10,1,26
BRDA:100,11,0,26
BRDA:100,11,1,0
BRDA:101,12,0,0
BRDA:101,12,1,26
BRDA:104,13,0,26
BRDA:104,13,1,0
BRDA:104,14,0,26
BRDA:104,14,1,26
BRDA:108,15,0,26
BRDA:108,15,1,26
BRDA:109,16,0,26
BRDA:109,16,1,26
BRDA:110,17,0,26
BRDA:110,17,1,26
BRDA:122,18,0,13
BRDA:122,18,1,18
BRDA:130,19,0,0
BRDA:130,19,1,0
BRDA:135,20,0,0
BRDA:135,20,1,0
BRDA:141,21,0,0
BRDA:141,21,1,0
BRDA:142,22,0,0
BRDA:142,22,1,0
BRDA:143,23,0,0
BRDA:143,23,1,0
BRDA:144,24,0,0
BRDA:144,24,1,0
BRDA:160,25,0,0
BRDA:160,25,1,0
BRDA:162,26,0,0
BRDA:162,26,1,0
BRDA:166,27,0,0
BRDA:166,27,1,0
BRDA:166,28,0,0
BRDA:166,28,1,0
BRDA:168,29,0,0
BRDA:168,29,1,0
BRDA:169,30,0,0
BRDA:169,30,1,0
BRDA:172,31,0,0
BRDA:172,31,1,0
BRDA:172,32,0,0
BRDA:172,32,1,0
BRDA:192,33,0,0
BRDA:192,33,1,0
BRDA:196,34,0,0
BRDA:196,34,1,0
BRDA:197,35,0,0
BRDA:197,35,1,0
BRDA:202,36,0,0
BRDA:202,36,1,0
BRDA:205,37,0,0
BRDA:205,37,1,0
BRDA:205,38,0,0
BRDA:205,38,1,0
BRDA:222,39,0,116
BRDA:222,39,1,6
BRDA:223,40,0,113
BRDA:223,40,1,4
BRDA:225,41,0,0
BRDA:225,41,1,53
BRDA:226,42,0,0
BRDA:226,42,1,53
BRDA:232,43,0,0
BRDA:232,43,1,29
BRDA:236,44,0,58
BRDA:236,44,1,54
BRDA:236,44,2,54
BRDA:236,44,3,53
BRDA:260,45,0,58
BRDA:260,45,1,26
BRDA:270,46,0,58
BRDA:270,46,1,27
BRDA:274,47,0,0
BRDA:274,47,1,58
BRDA:277,48,0,0
BRDA:277,48,1,58
BRDA:280,49,0,0
BRDA:280,49,1,58
BRDA:281,50,0,0
BRDA:281,50,1,58
BRDA:290,51,0,0
BRDA:290,51,1,58
BRDA:293,52,0,0
BRDA:293,52,1,0
BRDA:302,53,0,0
BRDA:302,53,1,58
BRDA:324,54,0,58
BRDA:324,54,1,0
BRDA:355,55,0,76
BRDA:355,55,1,380
BRDA:363,56,0,76
BRDA:363,56,1,304
BRDA:372,57,0,76
BRDA:372,57,1,29
BRDA:393,58,0,29
BRDA:393,58,1,47
BRDA:394,59,0,1
BRDA:394,59,1,28
BRDA:396,60,0,24
BRDA:396,60,1,23
BRDA:396,61,0,47
BRDA:396,61,1,29
BRDA:399,62,0,76
BRDA:399,62,1,0
BRDA:403,63,0,76
BRDA:403,63,1,18
BRDA:410,64,0,76
BRDA:410,64,1,0
BRDA:410,64,2,0
BRDA:417,65,0,76
BRDA:417,65,1,58
BRDA:417,65,2,58
BRDA:419,66,0,29
BRDA:419,66,1,29
BRDA:422,67,0,4
BRDA:422,67,1,25
BRDA:439,68,0,29
BRDA:439,68,1,0
BRDA:446,69,0,0
BRDA:446,69,1,0
BRF:144
BRH:76
end_of_record
TN:
SF:src\pages\register.jsx
FN:5,Register
FN:22,(anonymous_1)
FN:33,(anonymous_2)
FN:121,(anonymous_3)
FN:152,(anonymous_4)
FN:165,(anonymous_5)
FN:180,(anonymous_6)
FN:198,(anonymous_7)
FN:208,(anonymous_8)
FN:231,(anonymous_9)
FN:261,(anonymous_10)
FN:270,(anonymous_11)
FN:324,(anonymous_12)
FN:328,(anonymous_13)
FN:332,(anonymous_14)
FN:350,(anonymous_15)
FNF:16
FNH:12
FNDA:361,Register
FNDA:361,(anonymous_1)
FNDA:6,(anonymous_2)
FNDA:0,(anonymous_3)
FNDA:28,(anonymous_4)
FNDA:36,(anonymous_5)
FNDA:87,(anonymous_6)
FNDA:102,(anonymous_7)
FNDA:1,(anonymous_8)
FNDA:760,(anonymous_9)
FNDA:75,(anonymous_10)
FNDA:1,(anonymous_11)
FNDA:5,(anonymous_12)
FNDA:0,(anonymous_13)
FNDA:0,(anonymous_14)
FNDA:0,(anonymous_15)
DA:6,361
DA:7,361
DA:15,361
DA:16,361
DA:17,361
DA:18,361
DA:19,361
DA:20,361
DA:22,361
DA:23,361
DA:24,190
DA:25,130
DA:26,95
DA:27,27
DA:30,361
DA:31,361
DA:33,361
DA:34,6
DA:35,6
DA:36,6
DA:39,6
DA:40,2
DA:41,2
DA:44,4
DA:45,1
DA:46,1
DA:49,3
DA:50,1
DA:51,1
DA:54,2
DA:56,2
DA:57,2
DA:70,2
DA:72,2
DA:74,1
DA:75,1
DA:76,1
DA:77,1
DA:78,1
DA:79,1
DA:80,1
DA:82,1
DA:83,1
DA:85,0
DA:87,1
DA:91,1
DA:93,0
DA:95,2
DA:99,361
DA:121,0
DA:152,28
DA:165,36
DA:180,87
DA:198,102
DA:208,1
DA:232,760
DA:261,75
DA:270,1
DA:324,5
DA:328,0
DA:332,0
DA:350,0
LF:62
LH:56
BRDA:23,0,0,171
BRDA:23,0,1,190
BRDA:24,1,0,60
BRDA:24,1,1,130
BRDA:25,2,0,35
BRDA:25,2,1,95
BRDA:26,3,0,68
BRDA:26,3,1,27
BRDA:26,4,0,95
BRDA:26,4,1,74
BRDA:39,5,0,2
BRDA:39,5,1,4
BRDA:44,6,0,1
BRDA:44,6,1,3
BRDA:49,7,0,1
BRDA:49,7,1,2
BRDA:72,8,0,1
BRDA:72,8,1,1
BRDA:74,9,0,1
BRDA:74,9,1,0
BRDA:74,10,0,1
BRDA:74,10,1,1
BRDA:78,11,0,1
BRDA:78,11,1,0
BRDA:80,12,0,1
BRDA:80,12,1,0
BRDA:85,13,0,0
BRDA:85,13,1,0
BRDA:134,14,0,361
BRDA:134,14,1,5
BRDA:154,15,0,0
BRDA:154,15,1,361
BRDA:167,16,0,0
BRDA:167,16,1,361
BRDA:182,17,0,1
BRDA:182,17,1,360
BRDA:186,18,0,361
BRDA:186,18,1,1
BRDA:195,19,0,1
BRDA:195,19,1,360
BRDA:200,20,0,0
BRDA:200,20,1,361
BRDA:207,21,0,1
BRDA:207,21,1,360
BRDA:211,22,0,1
BRDA:211,22,1,360
BRDA:223,23,0,361
BRDA:223,23,1,0
BRDA:228,24,0,361
BRDA:228,24,1,190
BRDA:235,25,0,483
BRDA:235,25,1,277
BRDA:235,26,0,272
BRDA:235,26,1,211
BRDA:258,27,0,1
BRDA:258,27,1,360
BRDA:269,28,0,1
BRDA:269,28,1,360
BRDA:273,29,0,1
BRDA:273,29,1,360
BRDA:287,30,0,361
BRDA:287,30,1,190
BRDA:287,30,2,88
BRDA:293,31,0,14
BRDA:293,31,1,74
BRDA:299,32,0,14
BRDA:299,32,1,74
BRDA:344,33,0,2
BRDA:344,33,1,359
BRF:69
BRH:60
end_of_record
TN:
SF:src\utils\auth.js
FN:3,(anonymous_0)
FN:4,(anonymous_1)
FN:6,(anonymous_2)
FN:12,(anonymous_3)
FN:19,(anonymous_4)
FN:30,(anonymous_5)
FN:59,(anonymous_6)
FN:96,(anonymous_7)
FNF:8
FNH:8
FNDA:520,(anonymous_0)
FNDA:506,(anonymous_1)
FNDA:8,(anonymous_2)
FNDA:6,(anonymous_3)
FNDA:69,(anonymous_4)
FNDA:4,(anonymous_5)
FNDA:18,(anonymous_6)
FNDA:500,(anonymous_7)
DA:3,520
DA:4,506
DA:6,6
DA:7,8
DA:8,8
DA:9,8
DA:12,6
DA:13,6
DA:14,6
DA:15,6
DA:19,6
DA:20,69
DA:21,67
DA:22,67
DA:23,67
DA:25,2
DA:30,6
DA:31,4
DA:32,4
DA:33,2
DA:34,2
DA:37,2
DA:38,2
DA:44,2
DA:45,0
DA:46,0
DA:49,2
DA:50,2
DA:51,4
DA:53,0
DA:54,0
DA:59,6
DA:60,18
DA:63,18
DA:64,0
DA:65,0
DA:68,18
DA:78,18
DA:79,0
DA:80,0
DA:82,0
DA:92,18
DA:96,6
DA:97,500
DA:98,500
DA:99,500
DA:100,40
DA:101,3
DA:102,2
LF:49
LH:40
BRDA:8,0,0,7
BRDA:8,0,1,1
BRDA:20,1,0,2
BRDA:20,1,1,67
BRDA:32,2,0,2
BRDA:32,2,1,2
BRDA:32,3,0,4
BRDA:32,3,1,3
BRDA:44,4,0,0
BRDA:44,4,1,2
BRDA:50,5,0,2
BRDA:50,5,1,2
BRDA:59,6,0,18
BRDA:63,7,0,0
BRDA:63,7,1,18
BRDA:65,8,0,0
BRDA:65,8,1,0
BRDA:78,9,0,0
BRDA:78,9,1,18
BRDA:80,10,0,0
BRDA:80,10,1,0
BRDA:99,11,0,460
BRDA:99,11,1,40
BRDA:99,12,0,500
BRDA:99,12,1,460
BRDA:100,13,0,37
BRDA:100,13,1,3
BRDA:100,14,0,40
BRDA:100,14,1,40
BRDA:101,15,0,1
BRDA:101,15,1,2
BRDA:101,16,0,3
BRDA:101,16,1,2
BRF:33
BRH:26
end_of_record
